<?xml version="1.0" encoding="UTF-8"?>
<testsuite xmlns:xsi="http://www.w3.org/2001/XMLSchema-instance" xsi:noNamespaceSchemaLocation="https://maven.apache.org/surefire/maven-surefire-plugin/xsd/surefire-test-report-3.0.xsd" version="3.0" name="com.electronicbulling.bulling.BullingApplicationTests" time="6.458" tests="1" errors="0" skipped="0" failures="0">
  <properties>
[...]
</properties>
  <testcase name="contextLoads" classname="com.electronicbulling.bulling.BullingApplicationTests" time="1.171">
    <system-out><![CDATA[10:36:48.219 [main] INFO org.springframework.test.context.support.AnnotationConfigContextLoaderUtils -- Could not detect default configuration classes for test class [com.electronicbulling.bulling.BullingApplicationTests]: BullingApplicationTests does not declare any static, non-private, non-final, nested classes annotated with @Configuration.
10:36:48.338 [main] INFO org.springframework.boot.test.context.SpringBootTestContextBootstrapper -- Found @SpringBootConfiguration com.electronicbulling.bulling.BillingApplication for test class com.electronicbulling.bulling.BullingApplicationTests

  .   ____          _            __ _ _
 /\\ / ___'_ __ _ _(_)_ __  __ _ \ \ \ \
( ( )\___ | '_ | '_| | '_ \/ _` | \ \ \ \
 \\/  ___)| |_)| | | | | || (_| |  ) ) ) )
  '  |____| .__|_| |_|_| |_\__, | / / / /
 =========|_|==============|___/=/_/_/_/
 :: Spring Boot ::                (v3.1.5)

2023-11-23T10:36:49.800-05:00  INFO 10696 --- [           main] c.e.bulling.BullingApplicationTests      : Starting BullingApplicationTests using Java 18.0.2.1 with PID 10696 (started by User in C:\Users\User\Documents\intellijIDEProjects\bulling)
2023-11-23T10:36:49.801-05:00  INFO 10696 --- [           main] c.e.bulling.BullingApplicationTests      : No active profile set, falling back to 1 default profile: "default"
2023-11-23T10:36:50.604-05:00  INFO 10696 --- [           main] .s.d.r.c.RepositoryConfigurationDelegate : Bootstrapping Spring Data MongoDB repositories in DEFAULT mode.
2023-11-23T10:36:50.783-05:00  INFO 10696 --- [           main] .s.d.r.c.RepositoryConfigurationDelegate : Finished Spring Data repository scanning in 173 ms. Found 3 MongoDB repository interfaces.
2023-11-23T10:36:51.657-05:00  INFO 10696 --- [           main] org.mongodb.driver.client                : MongoClient with metadata {"driver": {"name": "mongo-java-driver|sync|spring-boot", "version": "4.9.1"}, "os": {"type": "Windows", "name": "Windows 11", "architecture": "amd64", "version": "10.0"}, "platform": "Java/Oracle Corporation/18.0.2.1+1-1"} created with settings MongoClientSettings{readPreference=primary, writeConcern=WriteConcern{w=majority, wTimeout=null ms, journal=null}, retryWrites=true, retryReads=true, readConcern=ReadConcern{level=null}, credential=MongoCredential{mechanism=null, userName='admin', source='admin', password=<hidden>, mechanismProperties=<hidden>}, streamFactoryFactory=null, commandListeners=[], codecRegistry=ProvidersCodecRegistry{codecProviders=[ValueCodecProvider{}, BsonValueCodecProvider{}, DBRefCodecProvider{}, DBObjectCodecProvider{}, DocumentCodecProvider{}, CollectionCodecProvider{}, IterableCodecProvider{}, MapCodecProvider{}, GeoJsonCodecProvider{}, GridFSFileCodecProvider{}, Jsr310CodecProvider{}, JsonObjectCodecProvider{}, BsonCodecProvider{}, EnumCodecProvider{}, com.mongodb.client.model.mql.ExpressionCodecProvider@e09f1b6, com.mongodb.Jep395RecordCodecProvider@557b6a37]}, loggerSettings=LoggerSettings{maxDocumentLength=1000}, clusterSettings={hosts=[127.0.0.1:27017], srvHost=clusterbulling.5cap5oi.mongodb.net, srvServiceName=mongodb, mode=MULTIPLE, requiredClusterType=REPLICA_SET, requiredReplicaSetName='atlas-achb29-shard-0', serverSelector='null', clusterListeners='[]', serverSelectionTimeout='30000 ms', localThreshold='30000 ms'}, socketSettings=SocketSettings{connectTimeoutMS=10000, readTimeoutMS=0, receiveBufferSize=0, sendBufferSize=0}, heartbeatSocketSettings=SocketSettings{connectTimeoutMS=10000, readTimeoutMS=10000, receiveBufferSize=0, sendBufferSize=0}, connectionPoolSettings=ConnectionPoolSettings{maxSize=100, minSize=0, maxWaitTimeMS=120000, maxConnectionLifeTimeMS=0, maxConnectionIdleTimeMS=0, maintenanceInitialDelayMS=0, maintenanceFrequencyMS=60000, connectionPoolListeners=[], maxConnecting=2}, serverSettings=ServerSettings{heartbeatFrequencyMS=10000, minHeartbeatFrequencyMS=500, serverListeners='[]', serverMonitorListeners='[]'}, sslSettings=SslSettings{enabled=true, invalidHostNameAllowed=false, context=null}, applicationName='null', compressorList=[], uuidRepresentation=JAVA_LEGACY, serverApi=null, autoEncryptionSettings=null, contextProvider=null}
2023-11-23T10:36:51.907-05:00  INFO 10696 --- [5oi.mongodb.net] org.mongodb.driver.cluster               : Adding discovered server ac-hp1avw1-shard-00-01.5cap5oi.mongodb.net:27017 to client view of cluster
2023-11-23T10:36:51.945-05:00  INFO 10696 --- [5oi.mongodb.net] org.mongodb.driver.cluster               : Adding discovered server ac-hp1avw1-shard-00-00.5cap5oi.mongodb.net:27017 to client view of cluster
2023-11-23T10:36:51.946-05:00  INFO 10696 --- [5oi.mongodb.net] org.mongodb.driver.cluster               : Adding discovered server ac-hp1avw1-shard-00-02.5cap5oi.mongodb.net:27017 to client view of cluster
2023-11-23T10:36:52.590-05:00  INFO 10696 --- [           main] o.s.b.a.w.s.WelcomePageHandlerMapping    : Adding welcome page template: index
2023-11-23T10:36:52.911-05:00  INFO 10696 --- [           main] c.e.bulling.BullingApplicationTests      : Started BullingApplicationTests in 3.436 seconds (process running for 5.974)
2023-11-23T10:36:53.473-05:00  INFO 10696 --- [ngodb.net:27017] org.mongodb.driver.cluster               : Monitor thread successfully connected to server with description ServerDescription{address=ac-hp1avw1-shard-00-01.5cap5oi.mongodb.net:27017, type=REPLICA_SET_SECONDARY, state=CONNECTED, ok=true, minWireVersion=0, maxWireVersion=17, maxDocumentSize=16777216, logicalSessionTimeoutMinutes=30, roundTripTimeNanos=642670500, setName='atlas-achb29-shard-0', canonicalAddress=ac-hp1avw1-shard-00-01.5cap5oi.mongodb.net:27017, hosts=[ac-hp1avw1-shard-00-00.5cap5oi.mongodb.net:27017, ac-hp1avw1-shard-00-01.5cap5oi.mongodb.net:27017, ac-hp1avw1-shard-00-02.5cap5oi.mongodb.net:27017], passives=[], arbiters=[], primary='ac-hp1avw1-shard-00-02.5cap5oi.mongodb.net:27017', tagSet=TagSet{[Tag{name='availabilityZone', value='sae1-az3'}, Tag{name='nodeType', value='ELECTABLE'}, Tag{name='provider', value='AWS'}, Tag{name='region', value='SA_EAST_1'}, Tag{name='workloadType', value='OPERATIONAL'}]}, electionId=null, setVersion=2, topologyVersion=TopologyVersion{processId=655e54fc6865e88c50e1ed07, counter=3}, lastWriteDate=Thu Nov 23 10:36:52 PET 2023, lastUpdateTimeNanos=1262694407020200}
2023-11-23T10:36:53.473-05:00  INFO 10696 --- [ngodb.net:27017] org.mongodb.driver.cluster               : Monitor thread successfully connected to server with description ServerDescription{address=ac-hp1avw1-shard-00-02.5cap5oi.mongodb.net:27017, type=REPLICA_SET_PRIMARY, state=CONNECTED, ok=true, minWireVersion=0, maxWireVersion=17, maxDocumentSize=16777216, logicalSessionTimeoutMinutes=30, roundTripTimeNanos=642464000, setName='atlas-achb29-shard-0', canonicalAddress=ac-hp1avw1-shard-00-02.5cap5oi.mongodb.net:27017, hosts=[ac-hp1avw1-shard-00-00.5cap5oi.mongodb.net:27017, ac-hp1avw1-shard-00-01.5cap5oi.mongodb.net:27017, ac-hp1avw1-shard-00-02.5cap5oi.mongodb.net:27017], passives=[], arbiters=[], primary='ac-hp1avw1-shard-00-02.5cap5oi.mongodb.net:27017', tagSet=TagSet{[Tag{name='availabilityZone', value='sae1-az2'}, Tag{name='nodeType', value='ELECTABLE'}, Tag{name='provider', value='AWS'}, Tag{name='region', value='SA_EAST_1'}, Tag{name='workloadType', value='OPERATIONAL'}]}, electionId=7fffffff0000000000000012, setVersion=2, topologyVersion=TopologyVersion{processId=655e531811610d64b5f6e9c7, counter=6}, lastWriteDate=Thu Nov 23 10:36:52 PET 2023, lastUpdateTimeNanos=1262694407020200}
2023-11-23T10:36:53.473-05:00  INFO 10696 --- [ngodb.net:27017] org.mongodb.driver.cluster               : Monitor thread successfully connected to server with description ServerDescription{address=ac-hp1avw1-shard-00-00.5cap5oi.mongodb.net:27017, type=REPLICA_SET_SECONDARY, state=CONNECTED, ok=true, minWireVersion=0, maxWireVersion=17, maxDocumentSize=16777216, logicalSessionTimeoutMinutes=30, roundTripTimeNanos=642462100, setName='atlas-achb29-shard-0', canonicalAddress=ac-hp1avw1-shard-00-00.5cap5oi.mongodb.net:27017, hosts=[ac-hp1avw1-shard-00-00.5cap5oi.mongodb.net:27017, ac-hp1avw1-shard-00-01.5cap5oi.mongodb.net:27017, ac-hp1avw1-shard-00-02.5cap5oi.mongodb.net:27017], passives=[], arbiters=[], primary='ac-hp1avw1-shard-00-02.5cap5oi.mongodb.net:27017', tagSet=TagSet{[Tag{name='availabilityZone', value='sae1-az1'}, Tag{name='nodeType', value='ELECTABLE'}, Tag{name='provider', value='AWS'}, Tag{name='region', value='SA_EAST_1'}, Tag{name='workloadType', value='OPERATIONAL'}]}, electionId=null, setVersion=2, topologyVersion=TopologyVersion{processId=655e516ba8e26a840032782f, counter=4}, lastWriteDate=Thu Nov 23 10:36:52 PET 2023, lastUpdateTimeNanos=1262694407020100}
2023-11-23T10:36:53.479-05:00  INFO 10696 --- [ngodb.net:27017] org.mongodb.driver.cluster               : Discovered replica set primary ac-hp1avw1-shard-00-02.5cap5oi.mongodb.net:27017 with max election id 7fffffff0000000000000012 and max set version 2
]]></system-out>
  </testcase>
</testsuite>